<?xml version="1.0" encoding="UTF-8" ?>
<testsuite tests="6" failures="0" name="com.sg.dvdlibrary.daos.DVDLibraryDaoImplTest" time="0.001" errors="0" skipped="0">
  <properties>
    <property name="java.runtime.name" value="OpenJDK Runtime Environment"/>
    <property name="java.vm.version" value="11.0.7+10-LTS"/>
    <property name="sun.boot.library.path" value="/home/codedchai/.sdkman/candidates/java/11.0.7.fx-zulu/lib"/>
    <property name="jdk.vendor.version" value="Zulu11.39+15-CA"/>
    <property name="maven.multiModuleProjectDirectory" value="/home/codedchai/Repos/java-mpls-0520-summative-m2-shaehamm/DVDLibrary"/>
    <property name="java.vm.vendor" value="Azul Systems, Inc."/>
    <property name="java.vendor.url" value="http://www.azulsystems.com/"/>
    <property name="guice.disable.misplaced.annotation.check" value="true"/>
    <property name="path.separator" value=":"/>
    <property name="java.vm.name" value="OpenJDK 64-Bit Server VM"/>
    <property name="sun.os.patch.level" value="unknown"/>
    <property name="user.country" value="US"/>
    <property name="sun.java.launcher" value="SUN_STANDARD"/>
    <property name="java.vm.specification.name" value="Java Virtual Machine Specification"/>
    <property name="user.dir" value="/home/codedchai/Repos/java-mpls-0520-summative-m2-shaehamm/DVDLibrary"/>
    <property name="java.vm.compressedOopsMode" value="Zero based"/>
    <property name="java.runtime.version" value="11.0.7+10-LTS"/>
    <property name="java.awt.graphicsenv" value="sun.awt.X11GraphicsEnvironment"/>
    <property name="os.arch" value="amd64"/>
    <property name="java.io.tmpdir" value="/tmp"/>
    <property name="line.separator" value="
"/>
    <property name="java.vm.specification.vendor" value="Oracle Corporation"/>
    <property name="os.name" value="Linux"/>
    <property name="maven.ext.class.path" value="/usr/local/netbeans-11.1/netbeans/java/maven-nblib/netbeans-eventspy.jar"/>
    <property name="classworlds.conf" value="/usr/local/netbeans-11.1/netbeans/java/maven/bin/m2.conf"/>
    <property name="sun.jnu.encoding" value="UTF-8"/>
    <property name="java.library.path" value="/usr/java/packages/lib:/usr/lib64:/lib64:/lib:/usr/lib"/>
    <property name="jdk.debug" value="release"/>
    <property name="java.class.version" value="55.0"/>
    <property name="java.specification.name" value="Java Platform API Specification"/>
    <property name="sun.management.compiler" value="HotSpot 64-Bit Tiered Compilers"/>
    <property name="os.version" value="5.3.0-7648-generic"/>
    <property name="user.home" value="/home/codedchai"/>
    <property name="user.timezone" value="America/Chicago"/>
    <property name="java.awt.printerjob" value="sun.print.PSPrinterJob"/>
    <property name="file.encoding" value="UTF-8"/>
    <property name="java.specification.version" value="11"/>
    <property name="user.name" value="codedchai"/>
    <property name="java.class.path" value="/usr/local/netbeans-11.1/netbeans/java/maven/boot/plexus-classworlds-2.5.2.jar"/>
    <property name="java.vm.specification.version" value="11"/>
    <property name="sun.arch.data.model" value="64"/>
    <property name="sun.java.command" value="org.codehaus.plexus.classworlds.launcher.Launcher -Dmaven.ext.class.path=/usr/local/netbeans-11.1/netbeans/java/maven-nblib/netbeans-eventspy.jar clean install"/>
    <property name="java.home" value="/home/codedchai/.sdkman/candidates/java/11.0.7.fx-zulu"/>
    <property name="user.language" value="en"/>
    <property name="java.specification.vendor" value="Oracle Corporation"/>
    <property name="awt.toolkit" value="sun.awt.X11.XToolkit"/>
    <property name="java.vm.info" value="mixed mode"/>
    <property name="java.version" value="11.0.7"/>
    <property name="securerandom.source" value="file:/dev/./urandom"/>
    <property name="java.vendor" value="Azul Systems, Inc."/>
    <property name="maven.home" value="/usr/local/netbeans-11.1/netbeans/java/maven"/>
    <property name="file.separator" value="/"/>
    <property name="java.version.date" value="2020-04-14"/>
    <property name="java.vendor.url.bug" value="http://www.azulsystems.com/support/"/>
    <property name="sun.io.unicode.encoding" value="UnicodeLittle"/>
    <property name="sun.cpu.endian" value="little"/>
    <property name="java.vendor.version" value="Zulu11.39+15-CA"/>
    <property name="sun.desktop" value="gnome"/>
    <property name="sun.cpu.isalist" value=""/>
  </properties>
  <testcase classname="com.sg.dvdlibrary.daos.DVDLibraryDaoImplTest" name="com.sg.dvdlibrary.daos.DVDLibraryDaoImplTest.testAddDVD" time="0"/>
  <testcase classname="com.sg.dvdlibrary.daos.DVDLibraryDaoImplTest" name="com.sg.dvdlibrary.daos.DVDLibraryDaoImplTest.testGetAllDVDs" time="0"/>
  <testcase classname="com.sg.dvdlibrary.daos.DVDLibraryDaoImplTest" name="com.sg.dvdlibrary.daos.DVDLibraryDaoImplTest.testGetValidDVDs" time="0"/>
  <testcase classname="com.sg.dvdlibrary.daos.DVDLibraryDaoImplTest" name="com.sg.dvdlibrary.daos.DVDLibraryDaoImplTest.testGetDVDByTitle" time="0"/>
  <testcase classname="com.sg.dvdlibrary.daos.DVDLibraryDaoImplTest" name="com.sg.dvdlibrary.daos.DVDLibraryDaoImplTest.testEditDVD" time="0.001"/>
  <testcase classname="com.sg.dvdlibrary.daos.DVDLibraryDaoImplTest" name="com.sg.dvdlibrary.daos.DVDLibraryDaoImplTest.testDeleteDVD" time="0"/>
</testsuite>