<?xml version="1.0" encoding="UTF-8" ?>
<testsuite tests="8" failures="2" name="com.sg.dvdlibrary.service.DVDLibraryServiceTest" time="0.045" errors="0" skipped="0">
  <properties>
    <property name="java.runtime.name" value="OpenJDK Runtime Environment"/>
    <property name="java.vm.version" value="11.0.7+10-LTS"/>
    <property name="sun.boot.library.path" value="/home/codedchai/.sdkman/candidates/java/11.0.7.fx-zulu/lib"/>
    <property name="jdk.vendor.version" value="Zulu11.39+15-CA"/>
    <property name="maven.multiModuleProjectDirectory" value="/home/codedchai/Repos/java-mpls-0520-summative-m2-shaehamm/DVDLibrary"/>
    <property name="java.vm.vendor" value="Azul Systems, Inc."/>
    <property name="java.vendor.url" value="http://www.azulsystems.com/"/>
    <property name="guice.disable.misplaced.annotation.check" value="true"/>
    <property name="path.separator" value=":"/>
    <property name="java.vm.name" value="OpenJDK 64-Bit Server VM"/>
    <property name="sun.os.patch.level" value="unknown"/>
    <property name="user.country" value="US"/>
    <property name="sun.java.launcher" value="SUN_STANDARD"/>
    <property name="java.vm.specification.name" value="Java Virtual Machine Specification"/>
    <property name="user.dir" value="/home/codedchai/Repos/java-mpls-0520-summative-m2-shaehamm/DVDLibrary"/>
    <property name="java.vm.compressedOopsMode" value="Zero based"/>
    <property name="java.runtime.version" value="11.0.7+10-LTS"/>
    <property name="java.awt.graphicsenv" value="sun.awt.X11GraphicsEnvironment"/>
    <property name="os.arch" value="amd64"/>
    <property name="java.io.tmpdir" value="/tmp"/>
    <property name="line.separator" value="
"/>
    <property name="java.vm.specification.vendor" value="Oracle Corporation"/>
    <property name="os.name" value="Linux"/>
    <property name="maven.ext.class.path" value="/usr/local/netbeans-11.1/netbeans/java/maven-nblib/netbeans-eventspy.jar"/>
    <property name="classworlds.conf" value="/usr/local/netbeans-11.1/netbeans/java/maven/bin/m2.conf"/>
    <property name="sun.jnu.encoding" value="UTF-8"/>
    <property name="java.library.path" value="/usr/java/packages/lib:/usr/lib64:/lib64:/lib:/usr/lib"/>
    <property name="jdk.debug" value="release"/>
    <property name="java.class.version" value="55.0"/>
    <property name="java.specification.name" value="Java Platform API Specification"/>
    <property name="sun.management.compiler" value="HotSpot 64-Bit Tiered Compilers"/>
    <property name="os.version" value="5.3.0-7648-generic"/>
    <property name="user.home" value="/home/codedchai"/>
    <property name="user.timezone" value="America/Chicago"/>
    <property name="java.awt.printerjob" value="sun.print.PSPrinterJob"/>
    <property name="file.encoding" value="UTF-8"/>
    <property name="java.specification.version" value="11"/>
    <property name="user.name" value="codedchai"/>
    <property name="java.class.path" value="/usr/local/netbeans-11.1/netbeans/java/maven/boot/plexus-classworlds-2.5.2.jar"/>
    <property name="java.vm.specification.version" value="11"/>
    <property name="sun.arch.data.model" value="64"/>
    <property name="sun.java.command" value="org.codehaus.plexus.classworlds.launcher.Launcher -Dmaven.ext.class.path=/usr/local/netbeans-11.1/netbeans/java/maven-nblib/netbeans-eventspy.jar clean install"/>
    <property name="java.home" value="/home/codedchai/.sdkman/candidates/java/11.0.7.fx-zulu"/>
    <property name="user.language" value="en"/>
    <property name="java.specification.vendor" value="Oracle Corporation"/>
    <property name="awt.toolkit" value="sun.awt.X11.XToolkit"/>
    <property name="java.vm.info" value="mixed mode"/>
    <property name="java.version" value="11.0.7"/>
    <property name="securerandom.source" value="file:/dev/./urandom"/>
    <property name="java.vendor" value="Azul Systems, Inc."/>
    <property name="maven.home" value="/usr/local/netbeans-11.1/netbeans/java/maven"/>
    <property name="file.separator" value="/"/>
    <property name="java.version.date" value="2020-04-14"/>
    <property name="java.vendor.url.bug" value="http://www.azulsystems.com/support/"/>
    <property name="sun.io.unicode.encoding" value="UnicodeLittle"/>
    <property name="sun.cpu.endian" value="little"/>
    <property name="java.vendor.version" value="Zulu11.39+15-CA"/>
    <property name="sun.desktop" value="gnome"/>
    <property name="sun.cpu.isalist" value=""/>
  </properties>
  <testcase classname="com.sg.dvdlibrary.service.DVDLibraryServiceTest" name="com.sg.dvdlibrary.service.DVDLibraryServiceTest.testAddDVDGoldenPath" time="0.045">
    <failure message="expected: &lt;02/15/2000&gt; but was: &lt;2000-02-15&gt;" type="org.opentest4j.AssertionFailedError">org.opentest4j.AssertionFailedError: expected: &lt;02/15/2000&gt; but was: &lt;2000-02-15&gt;
	at org.junit.jupiter.api.AssertionUtils.fail(AssertionUtils.java:54)
	at org.junit.jupiter.api.AssertEquals.failNotEqual(AssertEquals.java:195)
	at org.junit.jupiter.api.AssertEquals.assertEquals(AssertEquals.java:184)
	at org.junit.jupiter.api.AssertEquals.assertEquals(AssertEquals.java:179)
	at org.junit.jupiter.api.Assertions.assertEquals(Assertions.java:508)
	at com.sg.dvdlibrary.service.DVDLibraryServiceTest.testAddDVDGoldenPath(DVDLibraryServiceTest.java:66)
</failure>
  </testcase>
  <testcase classname="com.sg.dvdlibrary.service.DVDLibraryServiceTest" name="com.sg.dvdlibrary.service.DVDLibraryServiceTest.testBlankInput" time="0">
    <failure message="Text &apos;&apos; could not be parsed at index 0" type="java.time.format.DateTimeParseException">java.time.format.DateTimeParseException: Text &apos;&apos; could not be parsed at index 0
	at java.base/java.time.format.DateTimeFormatter.parseResolved0(DateTimeFormatter.java:2046)
	at java.base/java.time.format.DateTimeFormatter.parse(DateTimeFormatter.java:1948)
	at java.base/java.time.LocalDate.parse(LocalDate.java:428)
	at com.sg.dvdlibrary.service.DVDLibraryServiceTest.testBlankInput(DVDLibraryServiceTest.java:117)
</failure>
  </testcase>
  <testcase classname="com.sg.dvdlibrary.service.DVDLibraryServiceTest" name="com.sg.dvdlibrary.service.DVDLibraryServiceTest.testAddDVDDuplicate" time="0"/>
  <testcase classname="com.sg.dvdlibrary.service.DVDLibraryServiceTest" name="com.sg.dvdlibrary.service.DVDLibraryServiceTest.testGetAllDVDs" time="0"/>
  <testcase classname="com.sg.dvdlibrary.service.DVDLibraryServiceTest" name="com.sg.dvdlibrary.service.DVDLibraryServiceTest.testGetValidDVDs" time="0"/>
  <testcase classname="com.sg.dvdlibrary.service.DVDLibraryServiceTest" name="com.sg.dvdlibrary.service.DVDLibraryServiceTest.testGetDVDByTitle" time="0"/>
  <testcase classname="com.sg.dvdlibrary.service.DVDLibraryServiceTest" name="com.sg.dvdlibrary.service.DVDLibraryServiceTest.testEditDVD" time="0"/>
  <testcase classname="com.sg.dvdlibrary.service.DVDLibraryServiceTest" name="com.sg.dvdlibrary.service.DVDLibraryServiceTest.testDeleteDVD" time="0"/>
</testsuite>